\BOOKMARK [0][-]{chapter.1}{\376\377\000S\000c\000o\000p\000e}{}
\BOOKMARK [1][-]{section.1.1}{\376\377\000A\000b\000k\000\374\000r\000z\000u\000n\000g\000e\000n}{chapter.1}
\BOOKMARK [0][-]{chapter.2}{\376\377\000A\000n\000a\000l\000y\000s\000e}{}
\BOOKMARK [1][-]{section.2.1}{\376\377\000V\000o\000r\000u\000n\000t\000e\000r\000s\000u\000c\000h\000u\000n\000g\000e\000n}{chapter.2}
\BOOKMARK [2][-]{subsection.2.1.1}{\376\377\000B\000u\000f\000f\000e\000r\000e\000d\000\040\000W\000r\000i\000t\000e\000r\000\040\000+\000\040\000S\000t\000a\000n\000d\000a\000r\000d\000o\000u\000t\000p\000u\000t}{section.2.1}
\BOOKMARK [2][-]{subsection.2.1.2}{\376\377\000L\000o\000g\0004\000J}{section.2.1}
\BOOKMARK [2][-]{subsection.2.1.3}{\376\377\000I\000n\000t\000e\000r\000n\000a\000t\000i\000o\000n\000a\000l\000i\000s\000i\000e\000r\000u\000n\000g}{section.2.1}
\BOOKMARK [1][-]{section.2.2}{\376\377\000S\000y\000s\000t\000e\000m\000a\000n\000a\000l\000y\000s\000e}{chapter.2}
\BOOKMARK [2][-]{subsection.2.2.1}{\376\377\000R\000a\000h\000m\000e\000n\000b\000e\000d\000i\000n\000g\000u\000n\000g}{section.2.2}
\BOOKMARK [2][-]{subsection.2.2.2}{\376\377\000P\000r\000o\000b\000l\000e\000m\000s\000t\000e\000l\000l\000u\000n\000g}{section.2.2}
\BOOKMARK [2][-]{subsection.2.2.3}{\376\377\000A\000b\000h\000\344\000n\000g\000i\000g\000k\000e\000i\000t\000e\000n}{section.2.2}
\BOOKMARK [0][-]{chapter.3}{\376\377\000D\000e\000s\000i\000g\000n}{}
\BOOKMARK [1][-]{subsection.3.0.4}{\376\377\000S\000c\000h\000n\000i\000t\000t\000s\000t\000e\000l\000l\000e\000n}{chapter.3}
\BOOKMARK [0][-]{chapter.4}{\376\377\000I\000m\000p\000l\000e\000m\000e\000n\000t\000i\000e\000r\000u\000n\000g}{}
\BOOKMARK [1][-]{subsection.4.0.5}{\376\377\000I\000n\000i\000t\000i\000a\000l\000i\000z\000i\000n\000g}{chapter.4}
\BOOKMARK [2][-]{subsection.4.0.6}{\376\377\000E\000v\000e\000n\000t\000\040\000L\000i\000s\000t\000e\000n\000e\000r}{subsection.4.0.5}
\BOOKMARK [2][-]{subsection.4.0.7}{\376\377\000S\000t\000a\000t\000i\000s\000t\000i\000c\000\040\000U\000p\000d\000a\000t\000e}{subsection.4.0.5}
\BOOKMARK [2][-]{subsection.4.0.8}{\376\377\000B\000e\000e\000n\000d\000e\000n}{subsection.4.0.5}
\BOOKMARK [2][-]{subsection.4.0.9}{\376\377\000C\000o\000d\000e\000d\000o\000k\000u\000m\000e\000n\000t\000a\000t\000i\000o\000n}{subsection.4.0.5}
\BOOKMARK [0][-]{chapter.5}{\376\377\000K\000o\000m\000p\000o\000n\000e\000n\000t\000e\000n\000t\000e\000s\000t}{}
\BOOKMARK [0][-]{chapter.6}{\376\377\000Z\000u\000s\000a\000m\000m\000e\000n\000f\000a\000s\000s\000u\000n\000g}{}
\BOOKMARK [1][-]{section.6.1}{\376\377\000B\000e\000u\000r\000t\000e\000i\000l\000u\000n\000g\000\040\000d\000e\000r\000\040\000K\000o\000m\000p\000o\000n\000e\000n\000t\000e}{chapter.6}
\BOOKMARK [1][-]{section.6.2}{\376\377\000A\000u\000s\000b\000l\000i\000c\000k\000\040\000f\000\374\000r\000\040\000d\000i\000e\000\040\000W\000e\000i\000t\000e\000r\000e\000n\000t\000w\000i\000c\000k\000l\000u\000n\000g}{chapter.6}
