\BOOKMARK [0][-]{chapter*.2}{\376\377\000A\000b\000b\000i\000l\000d\000u\000n\000g\000s\000v\000e\000r\000z\000e\000i\000c\000h\000n\000i\000s}{}% 1
\BOOKMARK [0][-]{chapter*.3}{\376\377\000T\000a\000b\000e\000l\000l\000e\000n\000v\000e\000r\000z\000e\000i\000c\000h\000n\000i\000s}{}% 2
\BOOKMARK [0][-]{chapter.1}{\376\377\000S\000c\000o\000p\000e}{}% 3
\BOOKMARK [0][-]{chapter.2}{\376\377\000D\000e\000f\000i\000n\000i\000t\000i\000o\000n\000e\000n}{}% 4
\BOOKMARK [1][-]{section.2.1}{\376\377\000A\000b\000k\000\374\000r\000z\000u\000n\000g\000e\000n}{chapter.2}% 5
\BOOKMARK [1][-]{section.2.2}{\376\377\000D\000e\000f\000i\000n\000i\000t\000i\000o\000n\000e\000n}{chapter.2}% 6
\BOOKMARK [1][-]{section.2.3}{\376\377\000T\000e\000r\000m\000i\000n\000o\000l\000o\000g\000i\000e\000n}{chapter.2}% 7
\BOOKMARK [0][-]{chapter.3}{\376\377\000A\000n\000a\000l\000y\000s\000e}{}% 8
\BOOKMARK [1][-]{section.3.1}{\376\377\000V\000o\000r\000u\000n\000t\000e\000r\000s\000u\000c\000h\000u\000n\000g\000e\000n}{chapter.3}% 9
\BOOKMARK [1][-]{section.3.2}{\376\377\000S\000y\000s\000t\000e\000m\000a\000n\000a\000l\000y\000s\000e}{chapter.3}% 10
\BOOKMARK [0][-]{chapter.4}{\376\377\000D\000e\000s\000i\000g\000n}{}% 11
\BOOKMARK [0][-]{chapter.5}{\376\377\000I\000m\000p\000l\000e\000m\000e\000n\000t\000i\000e\000r\000u\000n\000g}{}% 12
\BOOKMARK [0][-]{chapter.6}{\376\377\000K\000o\000m\000p\000o\000n\000e\000n\000t\000e\000n\000t\000e\000s\000t}{}% 13
\BOOKMARK [1][-]{section.6.1}{\376\377\000K\000o\000m\000p\000o\000n\000e\000n\000t\000e\000n\000t\000e\000s\000t\000p\000l\000a\000n}{chapter.6}% 14
\BOOKMARK [1][-]{section.6.2}{\376\377\000K\000o\000m\000p\000o\000n\000e\000n\000t\000e\000n\000t\000e\000s\000t\000r\000e\000p\000o\000r\000t}{chapter.6}% 15
\BOOKMARK [0][-]{chapter.7}{\376\377\000Z\000u\000s\000a\000m\000m\000e\000n\000f\000a\000s\000s\000u\000n\000g}{}% 16
\BOOKMARK [1][-]{section.7.1}{\376\377\000B\000e\000u\000r\000t\000e\000i\000l\000u\000n\000g\000\040\000d\000e\000r\000\040\000K\000o\000m\000p\000o\000n\000e\000n\000t\000e}{chapter.7}% 17
\BOOKMARK [1][-]{section.7.2}{\376\377\000A\000u\000s\000b\000l\000i\000c\000k\000\040\000f\000\374\000r\000\040\000d\000i\000e\000\040\000W\000e\000i\000t\000e\000r\000e\000n\000t\000w\000i\000c\000k\000l\000u\000n\000g}{chapter.7}% 18
\BOOKMARK [0][-]{chapter.8}{\376\377\000R\000e\000f\000e\000r\000e\000n\000z\000e\000n\000\040\000u\000n\000d\000\040\000S\000t\000a\000n\000d\000a\000r\000d\000s}{}% 19
\BOOKMARK [0][-]{appendix.A}{\376\377\000L\000i\000t\000e\000r\000a\000t\000u\000r}{}% 20
\BOOKMARK [0][-]{appendix.B}{\376\377\000S\000t\000a\000n\000d\000a\000r\000d\000s}{}% 21
\BOOKMARK [0][-]{appendix.C}{\376\377\000D\000i\000a\000g\000r\000a\000m\000m\000e}{}% 22
\BOOKMARK [0][-]{appendix.D}{\376\377\000S\000c\000h\000n\000i\000t\000t\000s\000t\000e\000l\000l\000e\000n\000d\000e\000f\000i\000n\000i\000t\000i\000o\000n\000e\000n}{}% 23
\BOOKMARK [0][-]{appendix.E}{\376\377\000T\000e\000s\000t\000f\000\344\000l\000l\000e}{}% 24
\BOOKMARK [1][-]{section.E.1}{\376\377\000T\000e\000s\000t\000f\000a\000l\000l\000\040\000N\000r\000.\000\040\0001}{appendix.E}% 25
